<?xml version="1.0" encoding="UTF-8"?>
<!-- Generated by org.testng.reporters.JUnitXMLReporter -->
<testsuite ignored="3" hostname="DESKTOP-OPG4U03" failures="0" tests="4" name="Car Loan" time="0.119" errors="0" timestamp="2023-09-21T11:40:36 IST">
  <testcase classname="test.TestNGD3" name="MobileSigninCar" time="0.013"/>
  <testcase classname="test.TestNGD3" name="MobileSignoutCar" time="0.003"/>
  <testcase classname="test.TestNGD3" name="MobileSignoutCar" time="0.004"/>
  <testcase classname="test.TestNGD3" name="MobileSignoutCar" time="0.003"/>
  <testcase classname="test.TestNGD3" name="WebLoginCar" time="0.0">
    <ignored/>
  </testcase> <!-- WebLoginCar -->
  <testcase classname="test.TestNGD3" name="LoginAPICar" time="0.0">
    <ignored/>
  </testcase> <!-- LoginAPICar -->
  <testcase classname="test.TestNGD3" name="MobileLoginCar" time="0.0">
    <ignored/>
  </testcase> <!-- MobileLoginCar -->
</testsuite> <!-- Car Loan -->
