<?xml version="1.0" encoding="UTF-8"?>
<!-- Generated by org.testng.reporters.JUnitXMLReporter -->
<testsuite ignored="8" hostname="DESKTOP-OPG4U03" failures="0" tests="3" name="Regression" time="0.117" errors="0" timestamp="2023-09-19T15:46:01 IST">
  <testcase classname="test.TestNGD2" name="ThirdTest" time="0.011"/>
  <testcase classname="test.TestNGD4" name="LoginHomeapi" time="0.002"/>
  <testcase classname="test.TestNGD3" name="LoginAPICar" time="0.002"/>
  <testcase classname="test.TestNGD1" name="SecondTest" time="0.0">
    <ignored/>
  </testcase> <!-- SecondTest -->
  <testcase classname="test.TestNGD4" name="MobileHomeLogin" time="0.0">
    <ignored/>
  </testcase> <!-- MobileHomeLogin -->
  <testcase classname="test.TestNGD3" name="MobilesigninCar" time="0.0">
    <ignored/>
  </testcase> <!-- MobilesigninCar -->
  <testcase classname="test.TestNGD3" name="MobileSignoutCar" time="0.0">
    <ignored/>
  </testcase> <!-- MobileSignoutCar -->
  <testcase classname="test.TestNGD1" name="Demo" time="0.0">
    <ignored/>
  </testcase> <!-- Demo -->
  <testcase classname="test.TestNGD3" name="WebLoginCar" time="0.0">
    <ignored/>
  </testcase> <!-- WebLoginCar -->
  <testcase classname="test.TestNGD4" name="WebHomelogin" time="0.0">
    <ignored/>
  </testcase> <!-- WebHomelogin -->
  <testcase classname="test.TestNGD3" name="MobileLoginCar" time="0.0">
    <ignored/>
  </testcase> <!-- MobileLoginCar -->
</testsuite> <!-- Regression -->
